2021-03-07T19:27:55.124324Z 0 [System] [MY-010116] [Server] C:\Users\jlundy\git\MovieRentalSystem\DBConnection\mysql-8.0.23-winx64\bin\mysqld.exe (mysqld 8.0.23) starting as process 10332
2021-03-07T19:27:55.354615Z 1 [System] [MY-013576] [InnoDB] InnoDB initialization has started.
2021-03-07T19:27:57.652947Z 1 [System] [MY-013577] [InnoDB] InnoDB initialization has ended.
2021-03-07T19:27:58.487286Z 0 [System] [MY-011323] [Server] X Plugin ready for connections. Bind-address: '::' port: 33060
2021-03-07T19:27:59.063143Z 0 [Warning] [MY-010068] [Server] CA certificate ca.pem is self signed.
2021-03-07T19:27:59.073511Z 0 [System] [MY-013602] [Server] Channel mysql_main configured to support TLS. Encrypted connections are now supported for this channel.
2021-03-07T19:27:59.574990Z 0 [System] [MY-010931] [Server] C:\Users\jlundy\git\MovieRentalSystem\DBConnection\mysql-8.0.23-winx64\bin\mysqld.exe: ready for connections. Version: '8.0.23'  socket: ''  port: 3306  MySQL Community Server - GPL.
2021-03-07T19:28:31.412125Z 0 [System] [MY-010116] [Server] C:\Users\jlundy\git\MovieRentalSystem\DBConnection\mysql-8.0.23-winx64\bin\mysqld.exe (mysqld 8.0.23) starting as process 5832
2021-03-07T19:28:31.455929Z 1 [System] [MY-013576] [InnoDB] InnoDB initialization has started.
2021-03-07T19:28:33.186923Z 1 [System] [MY-013577] [InnoDB] InnoDB initialization has ended.
2021-03-07T19:28:33.885288Z 0 [System] [MY-011323] [Server] X Plugin ready for connections. Bind-address: '::' port: 33060
2021-03-07T19:28:33.992511Z 0 [System] [MY-010229] [Server] Starting XA crash recovery...
2021-03-07T19:28:34.044106Z 0 [System] [MY-010232] [Server] XA crash recovery finished.
2021-03-07T19:28:34.301899Z 0 [Warning] [MY-010068] [Server] CA certificate ca.pem is self signed.
2021-03-07T19:28:34.306887Z 0 [System] [MY-013602] [Server] Channel mysql_main configured to support TLS. Encrypted connections are now supported for this channel.
2021-03-07T19:28:34.505241Z 0 [ERROR] [MY-000068] [Server] unknown option '--consle'.
2021-03-07T19:28:34.507441Z 0 [ERROR] [MY-010119] [Server] Aborting
2021-03-07T19:28:35.151618Z 0 [System] [MY-010910] [Server] C:\Users\jlundy\git\MovieRentalSystem\DBConnection\mysql-8.0.23-winx64\bin\mysqld.exe: Shutdown complete (mysqld 8.0.23)  MySQL Community Server - GPL.
2021-03-07T19:45:58.693943Z 0 [System] [MY-010116] [Server] C:\Users\jlundy\git\MovieRentalSystem\DBConnection\mysql-8.0.23-winx64\bin\mysqld.exe (mysqld 8.0.23) starting as process 10988
2021-03-07T19:45:58.748582Z 1 [System] [MY-013576] [InnoDB] InnoDB initialization has started.
2021-03-07T19:45:59.415439Z 1 [System] [MY-013577] [InnoDB] InnoDB initialization has ended.
2021-03-07T19:45:59.998983Z 0 [System] [MY-011323] [Server] X Plugin ready for connections. Bind-address: '::' port: 33060
2021-03-07T19:46:00.200058Z 0 [Warning] [MY-010068] [Server] CA certificate ca.pem is self signed.
2021-03-07T19:46:00.204572Z 0 [System] [MY-013602] [Server] Channel mysql_main configured to support TLS. Encrypted connections are now supported for this channel.
2021-03-07T19:46:00.536972Z 0 [ERROR] [MY-010147] [Server] Too many arguments (first extra is 'start').
2021-03-07T19:46:00.541888Z 0 [ERROR] [MY-010119] [Server] Aborting
2021-03-07T19:46:01.224262Z 0 [System] [MY-010910] [Server] C:\Users\jlundy\git\MovieRentalSystem\DBConnection\mysql-8.0.23-winx64\bin\mysqld.exe: Shutdown complete (mysqld 8.0.23)  MySQL Community Server - GPL.
2021-03-07T19:48:16.231985Z 0 [System] [MY-010116] [Server] C:\Users\jlundy\git\MovieRentalSystem\DBConnection\mysql-8.0.23-winx64\bin\mysqld.exe (mysqld 8.0.23) starting as process 9268
2021-03-07T19:48:16.273678Z 1 [System] [MY-013576] [InnoDB] InnoDB initialization has started.
2021-03-07T19:48:16.802748Z 1 [System] [MY-013577] [InnoDB] InnoDB initialization has ended.
2021-03-07T19:48:17.163802Z 0 [System] [MY-011323] [Server] X Plugin ready for connections. Bind-address: '::' port: 33060
2021-03-07T19:48:17.268926Z 0 [Warning] [MY-010068] [Server] CA certificate ca.pem is self signed.
2021-03-07T19:48:17.270659Z 0 [System] [MY-013602] [Server] Channel mysql_main configured to support TLS. Encrypted connections are now supported for this channel.
2021-03-07T19:48:17.475396Z 0 [ERROR] [MY-010147] [Server] Too many arguments (first extra is 'console').
2021-03-07T19:48:17.481314Z 0 [ERROR] [MY-010119] [Server] Aborting
2021-03-07T19:48:18.579139Z 0 [System] [MY-010910] [Server] C:\Users\jlundy\git\MovieRentalSystem\DBConnection\mysql-8.0.23-winx64\bin\mysqld.exe: Shutdown complete (mysqld 8.0.23)  MySQL Community Server - GPL.
2021-04-26T16:35:15.084969Z 0 [System] [MY-010116] [Server] C:\Users\jlundy\git\MovieRentalSystem\DBConnection\mysql-8.0.23-winx64\bin\mysqld.exe (mysqld 8.0.23) starting as process 15340
2021-04-26T16:35:15.518578Z 1 [System] [MY-013576] [InnoDB] InnoDB initialization has started.
